model arch: CNN 2,4 Pool 2,2 CNN 2,4 Pool 2,2 FC [ 100 ] learning rate = 0.005 L2(0.1) iterations=300000 batch=64
input [ 784 ]
input [ ]
adapter [ 1 28 28 ]
cnn-layer [ 2 28 28 ]
relu
pooling-layer [ 2 14 14 ] w:2;s:2
cnn-layer [ 2 14 14 ]
relu
pooling-layer [ 2 7 7 ] w:2;s:2
adapter [ 98 ]
fc-layer [ 100 ]
relu
fc-layer [ 10 ]
softmax_loss
i=0 loss: training:2.4176535578147402 regularizer:3.510599710780937 total:5.928253268595677
i=0 test error rate=89.91%
cnn-layer [ 2 28 28 ] #0 gradient not equal:
gradient: {
	{
		{
			{
				2.09981e-05, 2.09981e-05, 2.09981e-05, 2.09981e-05, 
			}
			{
				2.09981e-05, 2.09981e-05, 2.09981e-05, 2.09981e-05, 
			}
			{
				2.09981e-05, 2.09981e-05, 2.09981e-05, 2.09981e-05, 
			}
			{
				2.09981e-05, 2.09981e-05, 2.09981e-05, 2.09981e-05, 
			}
		}
	}
	{
		{
			{
				0.000103505, 0.000103505, 0.000103505, 0.000103505, 
			}
			{
				0.000103505, 0.000103505, 0.000103505, 0.000103505, 
			}
			{
				0.000103505, 0.000103505, 0.000103505, 0.000103505, 
			}
			{
				0.000103505, 0.000103505, 0.000103505, 0.000103505, 
			}
		}
	}
}

debug gradient: {
	{
		{
			{
				0.0261548, 0.133065, -0.18561, -0.126386, 
			}
			{
				0.146192, 0.186858, -0.146529, -0.12578, 
			}
			{
				-0.135004, -0.165186, 0.19638, 0.131162, 
			}
			{
				0.141249, 0.0924693, 0.178917, -0.00417012, 
			}
		}
	}
	{
		{
			{
				-0.0391765, 0.178097, 0.170204, -0.0940843, 
			}
			{
				-0.0873789, 0.0955212, 0.0244607, -0.161587, 
			}
			{
				-0.0841517, 0.15154, -0.184779, -0.183439, 
			}
			{
				0.0283368, -0.198433, -0.156169, -0.00475974, 
			}
		}
	}
}

false failed at experimental/rockyliu/mnist/trainer.cpp:511
