input [ 784 ]
adapter [ 1 28 28 ]
cnn-layer [ 1 28 28 ]
relu
pooling-layer [ 1 14 14 ] w:2;s:2
cnn-layer [ 1 14 14 ]
relu
pooling-layer [ 1 7 7 ] w:2;s:2
adapter [ 49 ]
fc-layer [ 10 ]
W = {
[ 49 10 ]
[ -0.0143198 0.0125969 0.015606 -0.00981959 -0.0042945 -0.0107232 -0.00994132 -0.0165561 -0.0128929 -0.0118409 -0.00643031 0.0127349 -0.00199183 0.0150555 -0.0153338 0.01019 0.0065754 0.00133021 0.0114681 0.00148299 -0.012314 -0.00315397 -0.0171913 -0.015144 -0.00806682 0.00842088 0.00265429 0.0168351 -0.00356893 0.00224343 0.0139113 -0.00767386 -0.00707699 -0.0147717 -0.0115525 -0.0132411 0.0108567 0.00915494 -0.00419016 0.00787722 0.0115445 -0.00948022 0.0143288 -0.00894754 -0.0133689 -0.00753354 -0.00107581 0.00244306 -0.0142336 -0.0109821 -0.000398783 0.00328199 0.00666693 -0.0155847 -0.0058703 -0.0080599 -0.0103806 0.0156528 0.00560906 -0.00301546 0.00229329 0.0150447 0.00468342 -0.0165903 -0.00307995 0.00313304 0.0158886 0.0128815 0.00756961 0.00400803 -0.00289898 0.00899655 0.00875633 -0.0128325 -0.00122243 0.0111672 0.0132571 -0.00907019 0.0138411 0.0116284 -0.00753072 0.00921237 -0.0168569 0.00109816 0.00812997 -0.00271942 -0.0107815 -0.00325735 -0.0169926 -0.0158351 0.0167937 -0.0146079 0.00237544 0.00237236 -0.0109618 -0.0108105 0.0141581 0.0134346 -0.00968774 -0.00100415 0.0116229 -0.0136083 0.015075 0.010644 0.00448538 0.00985499 0.00212842 0.0141684 0.0115922 -0.0128908 0.00165311 0.00645209 0.00335031 0.0069121 0.00934596 -0.00518026 0.00583737 0.0157125 0.0164901 0.013828 0.00518403 0.0154346 -0.0150107 0.00608653 -0.016905 -0.00470768 -0.00621896 -0.0129278 0.000890228 -0.000409627 0.00212641 0.0139379 -0.0140225 0.0013816 0.0093249 -0.0120174 0.00288617 -0.0086047 -0.00372878 0.00665963 -0.0145108 -0.011174 -0.00798863 -0.0051419 0.0147588 0.00728802 0.00660816 0.00841951 0.00325194 -0.00338314 0.00705354 0.0055293 0.0132123 -0.0117568 -0.00710764 -0.0110242 0.00339752 0.0154045 0.0103923 0.00693504 0.00115416 0.00223062 0.00276322 0.015999 0.00419698 0.0167597 0.00261733 -0.011874 0.0164442 -0.00717359 0.00827526 -0.00284319 -0.00535318 -0.00676007 -0.0092549 0.0156303 -0.01164 -0.0146146 0.00954886 -0.0158304 0.0127371 -0.0105627 -0.00110466 0.00637915 0.0143527 0.00530626 0.00295051 -0.00664076 -0.00437325 -0.0158508 0.000956974 0.006213 0.00198298 0.00108673 -0.00316702 -0.0163079 -0.00128932 -0.0131515 -0.00447476 -0.0136922 0.00444021 0.0053348 0.0120846 -0.0147498 0.0152122 0.00457955 -0.00212371 -0.0107045 -0.0168511 0.014728 0.016833 -0.014485 -0.0038317 0.012537 0.0134191 0.0135959 0.00724294 0.00457902 0.0114004 0.00914243 0.00301252 -0.00376054 -0.00904938 0.0145316 0.00256511 0.0079067 -0.0152637 0.0158359 0.00628633 -0.0091621 -0.00201783 -0.0104379 -0.00737807 0.0146549 0.0127847 -0.0133707 0.00117806 -0.00425323 -0.00887031 -0.00545616 0.000546301 -0.0147462 -0.00879206 0.0111439 0.00247636 -0.0160755 -0.0149711 -0.0163776 0.0155646 -0.00598046 -0.00878216 0.00826929 -0.00373233 -0.0117855 -0.0034839 0.00683727 0.0100399 -0.00468729 -0.00397616 -0.00271992 0.00987374 0.00971932 0.0107592 -0.00248364 -0.0123612 0.0110856 -0.00716171 0.00980579 0.0114864 0.00215067 -0.0129142 -0.00419956 -0.011997 0.00523354 -0.00284057 0.012596 -0.0112546 0.0161366 0.00661242 -0.0120979 -0.00873515 -0.00313142 -0.00490216 0.00152439 0.0140242 -0.0102374 -0.0153547 -0.000785877 -0.00716872 0.00436601 0.00492361 -0.0126464 0.0080334 -0.00688408 0.00415357 0.00603562 -0.0153125 0.00976098 -0.000430189 0.0108352 0.00410154 0.00289144 -0.015985 -0.0137573 0.0123374 -0.0151834 -0.00575125 0.0087143 -0.01295 0.0124923 -0.00428346 0.0156065 0.0121484 0.00637752 0.00891048 0.0122473 0.010658 -0.0152869 0.00818091 0.00936633 -0.0137676 0.00850814 -0.00590207 0.0107551 -0.00320362 0.0101654 0.00132422 0.00542113 0.0155104 0.00457163 -0.0132816 0.0163592 -0.00535211 0.0128403 0.013221 -0.0124509 -0.00761161 -0.0107255 -0.00435065 0.000110935 0.00727508 -0.00194051 -0.00486459 0.0163797 -0.00576459 0.0141941 -0.0127102 -0.008684 0.00614507 -0.00707676 0.00544123 0.0155978 -0.00961573 -0.000542277 0.0101125 -0.0108504 0.00703193 -0.00145912 -0.00647932 0.00318636 0.01214 -0.0022605 0.0128454 -0.00651709 0.0107839 -0.00718672 -0.00418831 0.0169362 -0.0102848 -0.0107712 0.00806489 0.00502519 -0.0108257 -0.0102185 0.00396907 -0.00229246 -0.00521797 0.0097616 0.00287171 0.0110344 0.0160932 -0.0128399 -0.00855389 0.00916316 -0.00216261 0.00533466 -0.010224 0.00752214 0.00843731 -0.0144333 -0.00396768 -0.00788043 -0.016993 0.0165157 -0.00530352 -0.013759 0.0136792 -0.0154373 -0.00460956 -0.0144444 -0.00578267 0.0148213 0.00268715 0.00606609 -0.0136453 -0.00798184 -0.0107585 -0.00537382 -0.0063686 -0.010271 0.000714978 0.0126553 -0.0170915 0.00052999 0.00138527 -0.0131952 -0.016845 -0.00361287 -0.00922072 -0.0137347 -0.00369139 0.00969978 -0.00442178 0.000573735 -0.0163695 0.000489877 0.00853678 0.00156616 0.0138146 0.0110671 -0.0107196 -0.00388762 0.0104122 0.00986729 -0.00741247 -0.0117155 -0.00340025 0.0144101 -0.0132852 0.0153074 0.00452039 0.00340907 0.0155617 -0.0154983 0.0156128 -0.00295727 0.0136067 0.0162433 0.0141773 0.00837245 -0.00548322 0.011897 -0.0023918 0.00353968 0.0119707 -0.0104044 0.0121748 -0.00353614 -0.0131067 0.0163277 0.00252689 -0.0100892 0.00311694 -0.0145834 -0.000193685 -0.00509996 -0.00300587 0.0081458 0.010131 -0.0119437 0.00260309 0.0124376 -0.00359928 0.0068573 -0.00198003 0.00365714 -0.0125057 -0.011408 0.0103872 -0.0170537 -0.00365268 0.00777306 -0.00450372 0.0113292 0.00569968 0.0151968 0.0156479 0.0055886 -0.00902837 -0.00267638 ]
}
B = {
[ 10 ]
[ -0.704837 -0.735043 0.848578 -0.900759 0.265941 0.783652 -0.741312 0.316533 0.494265 0.579304 ]
}
relu
fc-layer [ 10 ]
W = {
[ 10 10 ]
[ 0.03998 -0.00910101 -0.0218257 -0.0323066 -0.0103182 -0.0137183 0.0356949 -0.00383114 -0.00750007 -0.0243831 0.018571 -0.0212275 0.043852 -0.036451 -0.00106209 -0.037619 0.0352864 -0.0306406 -0.0367576 0.0140819 0.0038182 0.0341083 -0.0434618 0.0304407 0.0139671 -0.0303741 0.0359835 0.0196579 0.0366395 0.0130744 -0.0455546 0.0446484 0.0227091 0.00727055 -0.0489835 0.045258 0.010116 0.0471575 -0.0250748 0.00169402 -0.0259605 -0.0432402 0.0437955 0.0298476 0.0477064 -0.0136207 0.000357354 0.0215356 -0.0361904 0.0244091 0.0369949 0.00445806 -0.00528163 -0.0208372 -0.0176896 -0.0169875 0.0216576 0.0380639 -0.0469492 0.0197833 -0.0443476 0.00617404 -0.00958969 0.00198432 0.0421241 -0.0352212 -0.0302211 -0.0171848 -0.0327983 0.00362871 0.0480164 0.0399186 -0.0475473 0.0133192 -0.0179448 0.0429718 0.0285655 0.0252713 0.0458182 -0.0331073 0.0141621 0.0278489 0.00910225 0.0440919 0.0490363 0.0187876 0.0302488 -0.0360921 -0.0403696 0.0266516 0.0427965 -0.00717882 -0.035455 0.017278 0.00677113 -0.0474662 0.0283301 -0.0178848 -0.0313184 -0.0350147 ]
}
B = {
[ 10 ]
[ 0.839393 0.520344 0.304618 0.453262 0.107771 -0.828218 0.37701 -0.783567 0.29282 0.972716 ]
}
softmax
